<?xml version="1.0" encoding="UTF-8"?>
<!-- Generated by org.testng.reporters.JUnitReportReporter -->
<testsuite skipped="0" hostname="RB907755" name="NewTest" tests="1" failures="0" timestamp="22 Jan 2019 12:58:42 GMT" time="0.013" errors="0">
  <testcase name="f" time="0.013" classname="NewTest"/>
</testsuite> <!-- NewTest -->
