<?xml version="1.0" encoding="UTF-8"?>
<!-- Generated by org.testng.reporters.JUnitReportReporter -->
<testsuite skipped="0" hostname="RB907755" name="testMancalaWithtestNg" tests="1" failures="0" timestamp="22 Jan 2019 13:14:25 GMT" time="0.023" errors="0">
  <testcase name="callMancalaGameRuleFunction" time="0.023" classname="testMancalaWithtestNg"/>
</testsuite> <!-- testMancalaWithtestNg -->
